24.05.2017 15:58:31.784 [main] INFO  o.s.c.s.ClassPathXmlApplicationContext - Refreshing org.springframework.context.support.ClassPathXmlApplicationContext@78c03f1f: startup date [Wed May 24 15:58:31 IST 2017]; root of context hierarchy
24.05.2017 15:58:32.163 [main] INFO  o.s.b.f.xml.XmlBeanDefinitionReader - Loading XML bean definitions from class path resource [spring1.xml]
24.05.2017 15:58:36.318 [main] INFO  o.s.b.f.a.AutowiredAnnotationBeanPostProcessor - JSR-330 'javax.inject.Inject' annotation found and supported for autowiring
24.05.2017 15:58:36.522 [main] INFO  o.s.aop.framework.CglibAopProxy - Unable to proxy method [java.lang.Object java.util.ArrayList.elementData(int)] because it is package-visible across different ClassLoaders: All calls to this method via a proxy will NOT be routed to the target instance.
24.05.2017 15:58:36.953 [main] INFO  o.s.j.d.DriverManagerDataSource - Loaded JDBC driver: org.h2.Driver
24.05.2017 15:58:37.590 [main] INFO  o.s.o.j.LocalContainerEntityManagerFactoryBean - Building JPA container EntityManagerFactory for persistence unit 'default'
24.05.2017 15:58:37.619 [main] INFO  o.h.jpa.internal.util.LogHelper - HHH000204: Processing PersistenceUnitInfo [
	name: default
	...]
24.05.2017 15:58:37.778 [main] INFO  org.hibernate.Version - HHH000412: Hibernate Core {5.2.5.Final}
24.05.2017 15:58:37.780 [main] INFO  org.hibernate.cfg.Environment - HHH000206: hibernate.properties not found
24.05.2017 15:58:37.914 [main] INFO  o.h.annotations.common.Version - HCANN000001: Hibernate Commons Annotations {5.0.1.Final}
24.05.2017 15:58:38.544 [main] INFO  org.hibernate.dialect.Dialect - HHH000400: Using dialect: org.hibernate.dialect.H2Dialect
24.05.2017 15:58:39.938 [main] INFO  o.h.validator.internal.util.Version - HV000001: Hibernate Validator 5.3.4.Final
24.05.2017 15:58:40.858 [main] WARN  o.h.t.s.i.ExceptionHandlerLoggedImpl - GenerationTarget encountered exception accepting command : Error executing DDL via JDBC Statement
org.hibernate.tool.schema.spi.CommandAcceptanceException: Error executing DDL via JDBC Statement
	at org.hibernate.tool.schema.internal.exec.GenerationTargetToDatabase.accept(GenerationTargetToDatabase.java:67)
	at org.hibernate.tool.schema.internal.AbstractSchemaMigrator.applySqlString(AbstractSchemaMigrator.java:524)
	at org.hibernate.tool.schema.internal.AbstractSchemaMigrator.applySqlStrings(AbstractSchemaMigrator.java:545)
	at org.hibernate.tool.schema.internal.AbstractSchemaMigrator.migrateTable(AbstractSchemaMigrator.java:293)
	at org.hibernate.tool.schema.internal.GroupedSchemaMigratorImpl.performTablesMigration(GroupedSchemaMigratorImpl.java:75)
	at org.hibernate.tool.schema.internal.AbstractSchemaMigrator.performMigration(AbstractSchemaMigrator.java:203)
	at org.hibernate.tool.schema.internal.AbstractSchemaMigrator.doMigration(AbstractSchemaMigrator.java:110)
	at org.hibernate.tool.schema.spi.SchemaManagementToolCoordinator.performDatabaseAction(SchemaManagementToolCoordinator.java:183)
	at org.hibernate.tool.schema.spi.SchemaManagementToolCoordinator.process(SchemaManagementToolCoordinator.java:72)
	at org.hibernate.internal.SessionFactoryImpl.<init>(SessionFactoryImpl.java:309)
	at org.hibernate.boot.internal.SessionFactoryBuilderImpl.build(SessionFactoryBuilderImpl.java:445)
	at org.hibernate.jpa.boot.internal.EntityManagerFactoryBuilderImpl.build(EntityManagerFactoryBuilderImpl.java:889)
	at org.springframework.orm.jpa.vendor.SpringHibernateJpaPersistenceProvider.createContainerEntityManagerFactory(SpringHibernateJpaPersistenceProvider.java:60)
	at org.springframework.orm.jpa.LocalContainerEntityManagerFactoryBean.createNativeEntityManagerFactory(LocalContainerEntityManagerFactoryBean.java:353)
	at org.springframework.orm.jpa.AbstractEntityManagerFactoryBean.buildNativeEntityManagerFactory(AbstractEntityManagerFactoryBean.java:373)
	at org.springframework.orm.jpa.AbstractEntityManagerFactoryBean.afterPropertiesSet(AbstractEntityManagerFactoryBean.java:362)
	at org.springframework.beans.factory.support.AbstractAutowireCapableBeanFactory.invokeInitMethods(AbstractAutowireCapableBeanFactory.java:1648)
	at org.springframework.beans.factory.support.AbstractAutowireCapableBeanFactory.initializeBean(AbstractAutowireCapableBeanFactory.java:1585)
	at org.springframework.beans.factory.support.AbstractAutowireCapableBeanFactory.doCreateBean(AbstractAutowireCapableBeanFactory.java:554)
	at org.springframework.beans.factory.support.AbstractAutowireCapableBeanFactory.createBean(AbstractAutowireCapableBeanFactory.java:483)
	at org.springframework.beans.factory.support.AbstractBeanFactory$1.getObject(AbstractBeanFactory.java:306)
	at org.springframework.beans.factory.support.DefaultSingletonBeanRegistry.getSingleton(DefaultSingletonBeanRegistry.java:230)
	at org.springframework.beans.factory.support.AbstractBeanFactory.doGetBean(AbstractBeanFactory.java:302)
	at org.springframework.beans.factory.support.AbstractBeanFactory.getBean(AbstractBeanFactory.java:197)
	at org.springframework.context.support.AbstractApplicationContext.getBean(AbstractApplicationContext.java:1081)
	at org.springframework.context.support.AbstractApplicationContext.finishBeanFactoryInitialization(AbstractApplicationContext.java:856)
	at org.springframework.context.support.AbstractApplicationContext.refresh(AbstractApplicationContext.java:542)
	at org.springframework.context.support.ClassPathXmlApplicationContext.<init>(ClassPathXmlApplicationContext.java:139)
	at org.springframework.context.support.ClassPathXmlApplicationContext.<init>(ClassPathXmlApplicationContext.java:83)
	at com.main.TestStudent.main(TestStudent.java:10)
Caused by: org.h2.jdbc.JdbcSQLException: NULL not allowed for column "STUDENTID"; SQL statement:
alter table Student add column studentId integer not null [23502-193]
	at org.h2.message.DbException.getJdbcSQLException(DbException.java:345)
	at org.h2.message.DbException.get(DbException.java:179)
	at org.h2.message.DbException.get(DbException.java:155)
	at org.h2.table.Column.validateConvertUpdateSequence(Column.java:311)
	at org.h2.table.Table.validateConvertUpdateSequence(Table.java:784)
	at org.h2.command.dml.Insert.addRow(Insert.java:195)
	at org.h2.command.dml.Select.queryFlat(Select.java:554)
	at org.h2.command.dml.Select.queryWithoutCache(Select.java:655)
	at org.h2.command.dml.Query.query(Query.java:341)
	at org.h2.command.dml.Insert.insertRows(Insert.java:167)
	at org.h2.command.dml.Insert.update(Insert.java:114)
	at org.h2.command.ddl.CreateTable.update(CreateTable.java:190)
	at org.h2.command.ddl.AlterTableAlterColumn.execute(AlterTableAlterColumn.java:488)
	at org.h2.command.ddl.AlterTableAlterColumn.cloneTableStructure(AlterTableAlterColumn.java:388)
	at org.h2.command.ddl.AlterTableAlterColumn.copyData(AlterTableAlterColumn.java:254)
	at org.h2.command.ddl.AlterTableAlterColumn.update(AlterTableAlterColumn.java:177)
	at org.h2.command.CommandContainer.update(CommandContainer.java:98)
	at org.h2.command.Command.executeUpdate(Command.java:258)
	at org.h2.jdbc.JdbcStatement.executeInternal(JdbcStatement.java:184)
	at org.h2.jdbc.JdbcStatement.execute(JdbcStatement.java:158)
	at org.hibernate.tool.schema.internal.exec.GenerationTargetToDatabase.accept(GenerationTargetToDatabase.java:54)
	... 29 common frames omitted
24.05.2017 15:58:41.041 [main] INFO  o.s.o.j.LocalContainerEntityManagerFactoryBean - Initialized JPA EntityManagerFactory for persistence unit 'default'
24.05.2017 15:58:41.206 [main] WARN  o.s.c.s.ClassPathXmlApplicationContext - Exception encountered during context initialization - cancelling refresh attempt: org.springframework.beans.factory.UnsatisfiedDependencyException: Error creating bean with name 'emailService': Unsatisfied dependency expressed through field 'javaMailSender'; nested exception is org.springframework.beans.factory.NoSuchBeanDefinitionException: No qualifying bean of type 'org.springframework.mail.javamail.JavaMailSender' available: expected at least 1 bean which qualifies as autowire candidate. Dependency annotations: {@org.springframework.beans.factory.annotation.Autowired(required=true)}
24.05.2017 15:58:41.207 [main] INFO  o.s.o.j.LocalContainerEntityManagerFactoryBean - Closing JPA EntityManagerFactory for persistence unit 'default'
24.05.2017 16:01:57.849 [main] INFO  o.s.c.s.ClassPathXmlApplicationContext - Refreshing org.springframework.context.support.ClassPathXmlApplicationContext@51cdd8a: startup date [Wed May 24 16:01:57 IST 2017]; root of context hierarchy
24.05.2017 16:01:57.973 [main] INFO  o.s.b.f.xml.XmlBeanDefinitionReader - Loading XML bean definitions from class path resource [spring1.xml]
24.05.2017 16:02:00.148 [main] INFO  o.s.b.f.a.AutowiredAnnotationBeanPostProcessor - JSR-330 'javax.inject.Inject' annotation found and supported for autowiring
24.05.2017 16:02:00.443 [main] INFO  o.s.aop.framework.CglibAopProxy - Unable to proxy method [java.lang.Object java.util.ArrayList.elementData(int)] because it is package-visible across different ClassLoaders: All calls to this method via a proxy will NOT be routed to the target instance.
24.05.2017 16:02:00.976 [main] INFO  o.s.j.d.DriverManagerDataSource - Loaded JDBC driver: org.h2.Driver
24.05.2017 16:02:01.909 [main] WARN  o.s.c.s.ClassPathXmlApplicationContext - Exception encountered during context initialization - cancelling refresh attempt: org.springframework.beans.factory.BeanCreationException: Error creating bean with name 'entityManagerFactory' defined in class path resource [spring1.xml]: Invocation of init method failed; nested exception is java.lang.IllegalStateException: Conflicting persistence unit definitions for name 'h2': file:/D:/19th%20jan/ledpromotion/target/ledpromotion/WEB-INF/lib/ledpromotion-0.0.1-SNAPSHOT.jar, file:/D:/mohit/WorkSpace/Spring/WebContent/WEB-INF/lib/ledpromotion-0.0.1-SNAPSHOT.jar
24.05.2017 16:04:20.116 [main] INFO  o.s.c.s.ClassPathXmlApplicationContext - Refreshing org.springframework.context.support.ClassPathXmlApplicationContext@51cdd8a: startup date [Wed May 24 16:04:20 IST 2017]; root of context hierarchy
24.05.2017 16:04:20.233 [main] INFO  o.s.b.f.xml.XmlBeanDefinitionReader - Loading XML bean definitions from class path resource [spring1.xml]
24.05.2017 16:04:25.001 [main] INFO  o.s.b.f.a.AutowiredAnnotationBeanPostProcessor - JSR-330 'javax.inject.Inject' annotation found and supported for autowiring
24.05.2017 16:04:25.172 [main] INFO  o.s.aop.framework.CglibAopProxy - Unable to proxy method [java.lang.Object java.util.ArrayList.elementData(int)] because it is package-visible across different ClassLoaders: All calls to this method via a proxy will NOT be routed to the target instance.
24.05.2017 16:04:25.694 [main] INFO  o.s.j.d.DriverManagerDataSource - Loaded JDBC driver: org.h2.Driver
24.05.2017 16:04:27.344 [main] WARN  o.s.c.s.ClassPathXmlApplicationContext - Exception encountered during context initialization - cancelling refresh attempt: org.springframework.beans.factory.BeanCreationException: Error creating bean with name 'entityManagerFactory' defined in class path resource [spring1.xml]: Invocation of init method failed; nested exception is java.lang.IllegalStateException: Conflicting persistence unit definitions for name 'h2': file:/D:/19th%20jan/ledpromotion/target/ledpromotion/WEB-INF/lib/ledpromotion-0.0.1-SNAPSHOT.jar, file:/D:/mohit/WorkSpace/Spring/WebContent/WEB-INF/lib/ledpromotion-0.0.1-SNAPSHOT.jar
